<?xml version="1.0" encoding="UTF-8"?>
<!-- Generated by org.testng.reporters.JUnitReportReporter -->
<testsuite skipped="0" hostname="LAPTOP-1826LOER" name="com.acti.qa.TestCase.LoginTest" tests="1" failures="0" timestamp="05 Dec 2019 02:50:10 GMT" time="16.679" errors="0">
  <testcase name="testLogin" time="16.679" classname="com.acti.qa.TestCase.LoginTest"/>
</testsuite> <!-- com.acti.qa.TestCase.LoginTest -->
