<?xml version="1.0" encoding="UTF-8"?>
<!-- Generated by org.testng.reporters.JUnitReportReporter -->
<testsuite skipped="0" hostname="LAPTOP-1826LOER" name="com.acti.qa.Base.DriverScript" tests="1" failures="0" timestamp="05 Dec 2019 02:40:50 GMT" time="15.752" errors="0">
  <testcase name="initBrowser" time="15.752" classname="com.acti.qa.Base.DriverScript"/>
</testsuite> <!-- com.acti.qa.Base.DriverScript -->
